<?xml version="1.0" encoding="UTF-8"?>
<testng-results skipped="0" failed="0" ignored="0" total="1" passed="1">
  <reporter-output>
  </reporter-output>
  <suite name="Default suite" duration-ms="6626" started-at="2022-12-02T23:12:43 IST" finished-at="2022-12-02T23:12:50 IST">
    <groups>
    </groups>
    <test name="Default test" duration-ms="6626" started-at="2022-12-02T23:12:43 IST" finished-at="2022-12-02T23:12:50 IST">
      <class name="package1.Video_78_deleteAllCookiesCommand">
        <test-method status="PASS" signature="f1()[pri:0, instance:package1.Video_78_deleteAllCookiesCommand@2173f6d9]" name="f1" duration-ms="6591" started-at="2022-12-02T23:12:43 IST" finished-at="2022-12-02T23:12:50 IST">
          <reporter-output>
          </reporter-output>
        </test-method> <!-- f1 -->
      </class> <!-- package1.Video_78_deleteAllCookiesCommand -->
    </test> <!-- Default test -->
  </suite> <!-- Default suite -->
</testng-results>
